Analysis & Synthesis report for clock
Thu Apr 18 20:36:11 2019
Quartus II Version 7.2 Build 151 09/26/2007 SJ Full Version


---------------------
; Table of Contents ;
---------------------
  1. Legal Notice
  2. Analysis & Synthesis Summary
  3. Analysis & Synthesis Settings
  4. Analysis & Synthesis Source Files Read
  5. Analysis & Synthesis Resource Usage Summary
  6. Analysis & Synthesis Resource Utilization by Entity
  7. General Register Statistics
  8. Multiplexer Restructuring Statistics (Restructuring Performed)
  9. Analysis & Synthesis Messages



----------------
; Legal Notice ;
----------------
Copyright (C) 1991-2007 Altera Corporation
Your use of Altera Corporation's design tools, logic functions 
and other software and tools, and its AMPP partner logic 
functions, and any output files from any of the foregoing 
(including device programming or simulation files), and any 
associated documentation or information are expressly subject 
to the terms and conditions of the Altera Program License 
Subscription Agreement, Altera MegaCore Function License 
Agreement, or other applicable license agreement, including, 
without limitation, that your use is for the sole purpose of 
programming logic devices manufactured by Altera and sold by 
Altera or its authorized distributors.  Please refer to the 
applicable agreement for further details.



+-------------------------------------------------------------------------------+
; Analysis & Synthesis Summary                                                  ;
+------------------------------------+------------------------------------------+
; Analysis & Synthesis Status        ; Successful - Thu Apr 18 20:36:11 2019    ;
; Quartus II Version                 ; 7.2 Build 151 09/26/2007 SJ Full Version ;
; Revision Name                      ; clock                                    ;
; Top-level Entity Name              ; clock                                    ;
; Family                             ; Cyclone II                               ;
; Total logic elements               ; 111                                      ;
;     Total combinational functions  ; 111                                      ;
;     Dedicated logic registers      ; 24                                       ;
; Total registers                    ; 24                                       ;
; Total pins                         ; 64                                       ;
; Total virtual pins                 ; 0                                        ;
; Total memory bits                  ; 0                                        ;
; Embedded Multiplier 9-bit elements ; 0                                        ;
; Total PLLs                         ; 0                                        ;
+------------------------------------+------------------------------------------+


+--------------------------------------------------------------------------------------------------------------------------+
; Analysis & Synthesis Settings                                                                                            ;
+--------------------------------------------------------------------------------+--------------------+--------------------+
; Option                                                                         ; Setting            ; Default Value      ;
+--------------------------------------------------------------------------------+--------------------+--------------------+
; Device                                                                         ; EP2C8Q208C8        ;                    ;
; Top-level entity name                                                          ; clock              ; clock              ;
; Family name                                                                    ; Cyclone II         ; Stratix II         ;
; Use Generated Physical Constraints File                                        ; Off                ;                    ;
; Use smart compilation                                                          ; Off                ; Off                ;
; Maximum processors allowed for parallel compilation                            ; 1                  ; 1                  ;
; Restructure Multiplexers                                                       ; Auto               ; Auto               ;
; Create Debugging Nodes for IP Cores                                            ; Off                ; Off                ;
; Preserve fewer node names                                                      ; On                 ; On                 ;
; Disable OpenCore Plus hardware evaluation                                      ; Off                ; Off                ;
; Verilog Version                                                                ; Verilog_2001       ; Verilog_2001       ;
; VHDL Version                                                                   ; VHDL93             ; VHDL93             ;
; State Machine Processing                                                       ; Auto               ; Auto               ;
; Safe State Machine                                                             ; Off                ; Off                ;
; Extract Verilog State Machines                                                 ; On                 ; On                 ;
; Extract VHDL State Machines                                                    ; On                 ; On                 ;
; Ignore Verilog initial constructs                                              ; Off                ; Off                ;
; Add Pass-Through Logic to Inferred RAMs                                        ; On                 ; On                 ;
; Parallel Synthesis                                                             ; Off                ; Off                ;
; DSP Block Balancing                                                            ; Auto               ; Auto               ;
; NOT Gate Push-Back                                                             ; On                 ; On                 ;
; Power-Up Don't Care                                                            ; On                 ; On                 ;
; Remove Redundant Logic Cells                                                   ; Off                ; Off                ;
; Remove Duplicate Registers                                                     ; On                 ; On                 ;
; Ignore CARRY Buffers                                                           ; Off                ; Off                ;
; Ignore CASCADE Buffers                                                         ; Off                ; Off                ;
; Ignore GLOBAL Buffers                                                          ; Off                ; Off                ;
; Ignore ROW GLOBAL Buffers                                                      ; Off                ; Off                ;
; Ignore LCELL Buffers                                                           ; Off                ; Off                ;
; Ignore SOFT Buffers                                                            ; On                 ; On                 ;
; Limit AHDL Integers to 32 Bits                                                 ; Off                ; Off                ;
; Optimization Technique -- Cyclone II/Cyclone III                               ; Balanced           ; Balanced           ;
; Carry Chain Length -- Stratix/Stratix GX/Cyclone/MAX II/Cyclone II/Cyclone III ; 70                 ; 70                 ;
; Auto Carry Chains                                                              ; On                 ; On                 ;
; Auto Open-Drain Pins                                                           ; On                 ; On                 ;
; Perform WYSIWYG Primitive Resynthesis                                          ; Off                ; Off                ;
; Perform gate-level register retiming                                           ; Off                ; Off                ;
; Allow register retiming to trade off Tsu/Tco with Fmax                         ; On                 ; On                 ;
; Auto ROM Replacement                                                           ; On                 ; On                 ;
; Auto RAM Replacement                                                           ; On                 ; On                 ;
; Auto Shift Register Replacement                                                ; Auto               ; Auto               ;
; Auto Clock Enable Replacement                                                  ; On                 ; On                 ;
; Allow Synchronous Control Signals                                              ; On                 ; On                 ;
; Force Use of Synchronous Clear Signals                                         ; Off                ; Off                ;
; Auto RAM to Logic Cell Conversion                                              ; Off                ; Off                ;
; Auto Resource Sharing                                                          ; Off                ; Off                ;
; Allow Any RAM Size For Recognition                                             ; Off                ; Off                ;
; Allow Any ROM Size For Recognition                                             ; Off                ; Off                ;
; Allow Any Shift Register Size For Recognition                                  ; Off                ; Off                ;
; Ignore translate_off and synthesis_off directives                              ; Off                ; Off                ;
; Show Parameter Settings Tables in Synthesis Report                             ; On                 ; On                 ;
; Ignore Maximum Fan-Out Assignments                                             ; Off                ; Off                ;
; Retiming Meta-Stability Register Sequence Length                               ; 2                  ; 2                  ;
; PowerPlay Power Optimization                                                   ; Normal compilation ; Normal compilation ;
; HDL message level                                                              ; Level2             ; Level2             ;
; Suppress Register Optimization Related Messages                                ; Off                ; Off                ;
; Number of Removed Registers Reported in Synthesis Report                       ; 100                ; 100                ;
; Clock MUX Protection                                                           ; On                 ; On                 ;
; Block Design Naming                                                            ; Auto               ; Auto               ;
+--------------------------------------------------------------------------------+--------------------+--------------------+


+-----------------------------------------------------------------------------------------------------------+
; Analysis & Synthesis Source Files Read                                                                    ;
+----------------------------------+-----------------+-----------------+------------------------------------+
; File Name with User-Entered Path ; Used in Netlist ; File Type       ; File Name with Absolute Path       ;
+----------------------------------+-----------------+-----------------+------------------------------------+
; ../318_7weiguan/mux1/mux1.vhd    ; yes             ; User VHDL File  ; I:/vhdl/318_7weiguan/mux1/mux1.vhd ;
; ../24jinwei/24jinwei.vhd         ; yes             ; User VHDL File  ; I:/vhdl/24jinwei/24jinwei.vhd      ;
; ../6jinzhi/6jinzhi.vhd           ; yes             ; User VHDL File  ; I:/vhdl/6jinzhi/6jinzhi.vhd        ;
; clock.vhd                        ; yes             ; User VHDL File  ; I:/vhdl/clock/clock.vhd            ;
; ../clock1/Vhdl2.vhd              ; yes             ; User VHDL File  ; I:/vhdl/clock1/Vhdl2.vhd           ;
+----------------------------------+-----------------+-----------------+------------------------------------+


+-----------------------------------------------------+
; Analysis & Synthesis Resource Usage Summary         ;
+---------------------------------------------+-------+
; Resource                                    ; Usage ;
+---------------------------------------------+-------+
; Estimated Total logic elements              ; 111   ;
;                                             ;       ;
; Total combinational functions               ; 111   ;
; Logic element usage by number of LUT inputs ;       ;
;     -- 4 input functions                    ; 59    ;
;     -- 3 input functions                    ; 42    ;
;     -- <=2 input functions                  ; 10    ;
;                                             ;       ;
; Logic elements by mode                      ;       ;
;     -- normal mode                          ; 111   ;
;     -- arithmetic mode                      ; 0     ;
;                                             ;       ;
; Total registers                             ; 24    ;
;     -- Dedicated logic registers            ; 24    ;
;     -- I/O registers                        ; 0     ;
;                                             ;       ;
; I/O pins                                    ; 64    ;
; Maximum fan-out node                        ; reset ;
; Maximum fan-out                             ; 64    ;
; Total fan-out                               ; 495   ;
; Average fan-out                             ; 2.49  ;
+---------------------------------------------+-------+


+-----------------------------------------------------------------------------------------------------------------------------------------------------------------------------+
; Analysis & Synthesis Resource Utilization by Entity                                                                                                                         ;
+----------------------------+-------------------+--------------+-------------+--------------+---------+-----------+------+--------------+---------------------+--------------+
; Compilation Hierarchy Node ; LC Combinationals ; LC Registers ; Memory Bits ; DSP Elements ; DSP 9x9 ; DSP 18x18 ; Pins ; Virtual Pins ; Full Hierarchy Name ; Library Name ;
+----------------------------+-------------------+--------------+-------------+--------------+---------+-----------+------+--------------+---------------------+--------------+
; |clock                     ; 111 (0)           ; 24 (0)       ; 0           ; 0            ; 0       ; 0         ; 64   ; 0            ; |clock              ; work         ;
;    |counter10:u1|          ; 14 (14)           ; 5 (5)        ; 0           ; 0            ; 0       ; 0         ; 0    ; 0            ; |clock|counter10:u1 ; work         ;
;    |counter10:u3|          ; 14 (14)           ; 5 (5)        ; 0           ; 0            ; 0       ; 0         ; 0    ; 0            ; |clock|counter10:u3 ; work         ;
;    |counter24:u5|          ; 25 (25)           ; 6 (6)        ; 0           ; 0            ; 0       ; 0         ; 0    ; 0            ; |clock|counter24:u5 ; work         ;
;    |counter6:u2|           ; 10 (10)           ; 4 (4)        ; 0           ; 0            ; 0       ; 0         ; 0    ; 0            ; |clock|counter6:u2  ; work         ;
;    |counter6:u4|           ; 10 (10)           ; 4 (4)        ; 0           ; 0            ; 0       ; 0         ; 0    ; 0            ; |clock|counter6:u4  ; work         ;
;    |mux1:u10|              ; 7 (7)             ; 0 (0)        ; 0           ; 0            ; 0       ; 0         ; 0    ; 0            ; |clock|mux1:u10     ; work         ;
;    |mux1:u11|              ; 3 (3)             ; 0 (0)        ; 0           ; 0            ; 0       ; 0         ; 0    ; 0            ; |clock|mux1:u11     ; work         ;
;    |mux1:u6|               ; 7 (7)             ; 0 (0)        ; 0           ; 0            ; 0       ; 0         ; 0    ; 0            ; |clock|mux1:u6      ; work         ;
;    |mux1:u7|               ; 7 (7)             ; 0 (0)        ; 0           ; 0            ; 0       ; 0         ; 0    ; 0            ; |clock|mux1:u7      ; work         ;
;    |mux1:u8|               ; 7 (7)             ; 0 (0)        ; 0           ; 0            ; 0       ; 0         ; 0    ; 0            ; |clock|mux1:u8      ; work         ;
;    |mux1:u9|               ; 7 (7)             ; 0 (0)        ; 0           ; 0            ; 0       ; 0         ; 0    ; 0            ; |clock|mux1:u9      ; work         ;
+----------------------------+-------------------+--------------+-------------+--------------+---------+-----------+------+--------------+---------------------+--------------+
Note: For table entries with two numbers listed, the numbers in parentheses indicate the number of resources of the given type used by the specific entity alone. The numbers listed outside of parentheses indicate the total resources of the given type used by the specific entity and all of its sub-entities in the hierarchy.


+------------------------------------------------------+
; General Register Statistics                          ;
+----------------------------------------------+-------+
; Statistic                                    ; Value ;
+----------------------------------------------+-------+
; Total registers                              ; 24    ;
; Number of registers using Synchronous Clear  ; 0     ;
; Number of registers using Synchronous Load   ; 0     ;
; Number of registers using Asynchronous Clear ; 24    ;
; Number of registers using Asynchronous Load  ; 0     ;
; Number of registers using Clock Enable       ; 0     ;
; Number of registers using Preset             ; 0     ;
+----------------------------------------------+-------+


+--------------------------------------------------------------------------------------------------------------------------------------------+
; Multiplexer Restructuring Statistics (Restructuring Performed)                                                                             ;
+--------------------+-----------+---------------+----------------------+------------------------+------------+------------------------------+
; Multiplexer Inputs ; Bus Width ; Baseline Area ; Area if Restructured ; Saving if Restructured ; Registered ; Example Multiplexer Output   ;
+--------------------+-----------+---------------+----------------------+------------------------+------------+------------------------------+
; 3:1                ; 4 bits    ; 8 LEs         ; 4 LEs                ; 4 LEs                  ; Yes        ; |clock|counter24:u5|count[3] ;
+--------------------+-----------+---------------+----------------------+------------------------+------------+------------------------------+


+-------------------------------+
; Analysis & Synthesis Messages ;
+-------------------------------+
Info: *******************************************************************
Info: Running Quartus II Analysis & Synthesis
    Info: Version 7.2 Build 151 09/26/2007 SJ Full Version
    Info: Processing started: Thu Apr 18 20:36:09 2019
Info: Command: quartus_map --read_settings_files=on --write_settings_files=off clock -c clock
Info: Found 2 design units, including 1 entities, in source file ../318_7weiguan/mux1/mux1.vhd
    Info: Found design unit 1: mux1-mux
    Info: Found entity 1: mux1
Info: Found 2 design units, including 1 entities, in source file ../24jinwei/24jinwei.vhd
    Info: Found design unit 1: counter24-counter241
    Info: Found entity 1: counter24
Info: Found 2 design units, including 1 entities, in source file ../6jinzhi/6jinzhi.vhd
    Info: Found design unit 1: counter6-counter61
    Info: Found entity 1: counter6
Info: Found 2 design units, including 1 entities, in source file clock.vhd
    Info: Found design unit 1: clock-clock1
    Info: Found entity 1: clock
Info: Found 2 design units, including 1 entities, in source file ../clock1/Vhdl2.vhd
    Info: Found design unit 1: counter10-counter101
    Info: Found entity 1: counter10
Info: Elaborating entity "clock" for the top level hierarchy
Info: Elaborating entity "counter10" for hierarchy "counter10:u1"
Info: Elaborating entity "counter6" for hierarchy "counter6:u2"
Info: Elaborating entity "counter24" for hierarchy "counter24:u5"
Info: Elaborating entity "mux1" for hierarchy "mux1:u6"
Warning: Converted presettable and clearable register to equivalent circuits with latches. Registers power-up to an undefined state, and DEVCLRn places the registers in an undefined state.
    Warning (13310): Register "counter10:u1|count[0]" converted into equivalent circuit using register "counter10:u1|count[0]~_emulated" and latch "counter10:u1|count[0]~latch"
    Warning (13310): Register "counter10:u1|count[1]" converted into equivalent circuit using register "counter10:u1|count[1]~_emulated" and latch "counter10:u1|count[1]~latch"
    Warning (13310): Register "counter10:u1|count[2]" converted into equivalent circuit using register "counter10:u1|count[2]~_emulated" and latch "counter10:u1|count[2]~latch"
    Warning (13310): Register "counter10:u1|count[3]" converted into equivalent circuit using register "counter10:u1|count[3]~_emulated" and latch "counter10:u1|count[3]~latch"
    Warning (13310): Register "counter6:u2|count[1]" converted into equivalent circuit using register "counter6:u2|count[1]~_emulated" and latch "counter6:u2|count[1]~latch"
    Warning (13310): Register "counter6:u2|count[0]" converted into equivalent circuit using register "counter6:u2|count[0]~_emulated" and latch "counter6:u2|count[0]~latch"
    Warning (13310): Register "counter6:u2|count[2]" converted into equivalent circuit using register "counter6:u2|count[2]~_emulated" and latch "counter6:u2|count[2]~latch"
    Warning (13310): Register "counter10:u3|count[0]" converted into equivalent circuit using register "counter10:u3|count[0]~_emulated" and latch "counter10:u3|count[0]~latch"
    Warning (13310): Register "counter10:u3|count[1]" converted into equivalent circuit using register "counter10:u3|count[1]~_emulated" and latch "counter10:u3|count[1]~latch"
    Warning (13310): Register "counter10:u3|count[2]" converted into equivalent circuit using register "counter10:u3|count[2]~_emulated" and latch "counter10:u3|count[2]~latch"
    Warning (13310): Register "counter10:u3|count[3]" converted into equivalent circuit using register "counter10:u3|count[3]~_emulated" and latch "counter10:u3|count[3]~latch"
    Warning (13310): Register "counter6:u4|count[1]" converted into equivalent circuit using register "counter6:u4|count[1]~_emulated" and latch "counter6:u4|count[1]~latch"
    Warning (13310): Register "counter6:u4|count[0]" converted into equivalent circuit using register "counter6:u4|count[0]~_emulated" and latch "counter6:u4|count[0]~latch"
    Warning (13310): Register "counter6:u4|count[2]" converted into equivalent circuit using register "counter6:u4|count[2]~_emulated" and latch "counter6:u4|count[2]~latch"
    Warning (13310): Register "counter24:u5|count[5]" converted into equivalent circuit using register "counter24:u5|count[5]~_emulated" and latch "counter24:u5|count[5]~latch"
    Warning (13310): Register "counter24:u5|count[4]" converted into equivalent circuit using register "counter24:u5|count[4]~_emulated" and latch "counter24:u5|count[4]~latch"
    Warning (13310): Register "counter24:u5|count[0]" converted into equivalent circuit using register "counter24:u5|count[0]~_emulated" and latch "counter24:u5|count[0]~latch"
    Warning (13310): Register "counter24:u5|count[1]" converted into equivalent circuit using register "counter24:u5|count[1]~_emulated" and latch "counter24:u5|count[1]~latch"
    Warning (13310): Register "counter24:u5|count[2]" converted into equivalent circuit using register "counter24:u5|count[2]~_emulated" and latch "counter24:u5|count[2]~latch"
    Warning (13310): Register "counter24:u5|count[3]" converted into equivalent circuit using register "counter24:u5|count[3]~_emulated" and latch "counter24:u5|count[3]~latch"
Warning: Output pins are stuck at VCC or GND
    Warning (13410): Pin "hourl[5]" stuck at VCC
Info: Implemented 177 device resources after synthesis - the final resource count might be different
    Info: Implemented 22 input pins
    Info: Implemented 42 output pins
    Info: Implemented 113 logic cells
Info: Quartus II Analysis & Synthesis was successful. 0 errors, 23 warnings
    Info: Allocated 251 megabytes of memory during processing
    Info: Processing ended: Thu Apr 18 20:36:11 2019
    Info: Elapsed time: 00:00:02


